17:27:13  INFO  application.ApplicationManager - Start browser CHROME
17:27:15  INFO  tests.TestBase - =================================
17:27:15  INFO  tests.TestBase - Start on test - loginNegativeWrongPasswordWithDP_Clas
17:27:15  INFO  application.MyListener - Start find element by ---->By.cssSelector: [href^='/login']
17:27:15  INFO  application.MyListener - The element --->By.cssSelector: [href^='/login'] was found
17:27:15  INFO  application.MyListener - Start find element by ---->By.cssSelector: #email
17:27:15  INFO  application.MyListener - The element --->By.cssSelector: #email was found
17:27:15  INFO  application.MyListener - Start find element by ---->By.id: password
17:27:15  INFO  application.MyListener - The element --->By.id: password was found
17:27:16  INFO  application.MyListener - Start find element by ---->By.cssSelector: button[type='submit']
17:27:16  INFO  application.MyListener - The element --->By.cssSelector: button[type='submit'] was found
17:27:16  INFO  application.MyListener - Start find element by ---->By.cssSelector: .message
17:27:16  INFO  application.MyListener - The element --->By.cssSelector: .message was found
17:27:18  INFO  application.MyListener - Start find element by ---->By.xpath: //button[@type='button']
17:27:18  INFO  application.MyListener - The element --->By.xpath: //button[@type='button'] was found
17:27:18  INFO  application.MyListener - Start find element by ---->By.xpath: //button[@type='button']
17:27:18  INFO  application.MyListener - The element --->By.xpath: //button[@type='button'] was found
17:27:18  INFO  application.MyListener - Start find element by ---->By.xpath: //a[.=' Logout ']
17:27:34  INFO  application.MyListener - The element --->By.xpath: //a[.=' Logout '] was found
17:27:34  INFO  tests.TestBase - End of test - loginNegativeWrongPasswordWithDP_Clas
17:27:34  INFO  tests.TestBase - =================================
17:27:34  INFO  tests.TestBase - =================================
17:27:34  INFO  tests.TestBase - Start on test - loginNegativeWrongPasswordWithDP_Clas
17:27:34  INFO  application.MyListener - Start find element by ---->By.cssSelector: [href^='/login']
17:27:34  INFO  application.MyListener - The element --->By.cssSelector: [href^='/login'] was found
17:27:34  INFO  application.MyListener - Start find element by ---->By.cssSelector: #email
17:27:34  INFO  application.MyListener - The element --->By.cssSelector: #email was found
17:27:34  INFO  application.MyListener - Start find element by ---->By.id: password
17:27:34  INFO  application.MyListener - The element --->By.id: password was found
17:27:34  INFO  application.MyListener - Start find element by ---->By.cssSelector: button[type='submit']
17:27:34  INFO  application.MyListener - The element --->By.cssSelector: button[type='submit'] was found
17:27:34  INFO  application.MyListener - Start find element by ---->By.cssSelector: .message
17:27:34  INFO  application.MyListener - The element --->By.cssSelector: .message was found
17:27:36  INFO  application.MyListener - Start find element by ---->By.xpath: //button[@type='button']
17:27:36  INFO  application.MyListener - The element --->By.xpath: //button[@type='button'] was found
17:27:36  INFO  application.MyListener - Start find element by ---->By.xpath: //button[@type='button']
17:27:36  INFO  application.MyListener - The element --->By.xpath: //button[@type='button'] was found
17:27:37  INFO  application.MyListener - Start find element by ---->By.xpath: //a[.=' Logout ']
17:27:52  INFO  application.MyListener - The element --->By.xpath: //a[.=' Logout '] was found
17:27:52  INFO  tests.TestBase - End of test - loginNegativeWrongPasswordWithDP_Clas
17:27:52  INFO  tests.TestBase - =================================
17:27:52  INFO  tests.TestBase - =================================
17:27:52  INFO  tests.TestBase - Start on test - loginNegativeWrongPasswordWithDP_Clas
17:27:52  INFO  application.MyListener - Start find element by ---->By.cssSelector: [href^='/login']
17:27:52  INFO  application.MyListener - The element --->By.cssSelector: [href^='/login'] was found
17:27:52  INFO  application.MyListener - Start find element by ---->By.cssSelector: #email
17:27:52  INFO  application.MyListener - The element --->By.cssSelector: #email was found
17:27:52  INFO  application.MyListener - Start find element by ---->By.id: password
17:27:52  INFO  application.MyListener - The element --->By.id: password was found
17:27:52  INFO  application.MyListener - Start find element by ---->By.cssSelector: button[type='submit']
17:27:52  INFO  application.MyListener - The element --->By.cssSelector: button[type='submit'] was found
17:27:52  INFO  application.MyListener - Start find element by ---->By.cssSelector: .message
17:27:53  INFO  application.MyListener - The element --->By.cssSelector: .message was found
17:27:55  INFO  application.MyListener - Start find element by ---->By.xpath: //button[@type='button']
17:27:55  INFO  application.MyListener - The element --->By.xpath: //button[@type='button'] was found
17:27:55  INFO  application.MyListener - Start find element by ---->By.xpath: //button[@type='button']
17:27:55  INFO  application.MyListener - The element --->By.xpath: //button[@type='button'] was found
17:27:55  INFO  application.MyListener - Start find element by ---->By.xpath: //a[.=' Logout ']
17:28:10  INFO  application.MyListener - The element --->By.xpath: //a[.=' Logout '] was found
17:28:10  INFO  tests.TestBase - End of test - loginNegativeWrongPasswordWithDP_Clas
17:28:10  INFO  tests.TestBase - =================================
17:28:10  INFO  tests.TestBase - =================================
17:28:10  INFO  tests.TestBase - Start on test - loginNegativeWrongPasswordWithDP_Clas
17:28:10  INFO  application.MyListener - Start find element by ---->By.cssSelector: [href^='/login']
17:28:10  INFO  application.MyListener - The element --->By.cssSelector: [href^='/login'] was found
17:28:10  INFO  application.MyListener - Start find element by ---->By.cssSelector: #email
17:28:10  INFO  application.MyListener - The element --->By.cssSelector: #email was found
17:28:10  INFO  application.MyListener - Start find element by ---->By.id: password
17:28:10  INFO  application.MyListener - The element --->By.id: password was found
17:28:10  INFO  application.MyListener - Start find element by ---->By.cssSelector: button[type='submit']
17:28:10  INFO  application.MyListener - The element --->By.cssSelector: button[type='submit'] was found
17:28:10  INFO  application.MyListener - Start find element by ---->By.cssSelector: .message
17:28:11  INFO  application.MyListener - The element --->By.cssSelector: .message was found
17:28:13  INFO  application.MyListener - Start find element by ---->By.xpath: //button[@type='button']
17:28:13  INFO  application.MyListener - The element --->By.xpath: //button[@type='button'] was found
17:28:13  INFO  application.MyListener - Start find element by ---->By.xpath: //button[@type='button']
17:28:13  INFO  application.MyListener - The element --->By.xpath: //button[@type='button'] was found
17:28:13  INFO  application.MyListener - Start find element by ---->By.xpath: //a[.=' Logout ']
17:28:28  INFO  application.MyListener - The element --->By.xpath: //a[.=' Logout '] was found
17:28:28  INFO  tests.TestBase - End of test - loginNegativeWrongPasswordWithDP_Clas
17:28:28  INFO  tests.TestBase - =================================
