18:25:31  INFO  application.ApplicationManager - Start browser CHROME
18:25:33  INFO  tests.TestBase - =================================
18:25:33  INFO  tests.TestBase - Start on test - loginSuccessModelWithDP_File
18:25:33  INFO  application.MyListener - Start find element by ---->By.cssSelector: [href^='/login']
18:25:33  INFO  application.MyListener - The element --->By.cssSelector: [href^='/login'] was found
18:25:33  INFO  application.MyListener - Start find element by ---->By.cssSelector: #email
18:25:33  INFO  application.MyListener - The element --->By.cssSelector: #email was found
18:25:33  INFO  application.MyListener - Start find element by ---->By.id: password
18:25:33  INFO  application.MyListener - The element --->By.id: password was found
18:25:34  INFO  application.MyListener - Start find element by ---->By.cssSelector: button[type='submit']
18:25:34  INFO  application.MyListener - The element --->By.cssSelector: button[type='submit'] was found
18:25:34  INFO  application.MyListener - Start find element by ---->By.cssSelector: .message
18:25:35  INFO  application.MyListener - The element --->By.cssSelector: .message was found
18:25:37  INFO  application.MyListener - Start find element by ---->By.xpath: //button[@type='button']
18:25:37  INFO  application.MyListener - The element --->By.xpath: //button[@type='button'] was found
18:25:37  INFO  application.MyListener - Start find element by ---->By.xpath: //button[@type='button']
18:25:37  INFO  application.MyListener - The element --->By.xpath: //button[@type='button'] was found
18:25:37  INFO  application.MyListener - Start find element by ---->By.xpath: //a[.=' Logout ']
18:25:37  INFO  application.MyListener - The element --->By.xpath: //a[.=' Logout '] was found
18:25:37  INFO  application.MyListener - Start find element by ---->By.xpath: //a[.=' Logout ']
18:25:37  INFO  application.MyListener - The element --->By.xpath: //a[.=' Logout '] was found
18:25:37  INFO  application.MyListener - Start find element by ---->By.xpath: //a[.=' Logout ']
18:25:37  INFO  application.MyListener - The element --->By.xpath: //a[.=' Logout '] was found
18:25:37  INFO  tests.TestBase - End of test - loginSuccessModelWithDP_File
18:25:37  INFO  tests.TestBase - =================================
18:25:37  INFO  tests.TestBase - =================================
18:25:37  INFO  tests.TestBase - Start on test - loginSuccessModelWithDP_File
18:25:37  INFO  application.MyListener - Start find element by ---->By.cssSelector: [href^='/login']
18:25:37  INFO  application.MyListener - The element --->By.cssSelector: [href^='/login'] was found
18:25:37  INFO  application.MyListener - Start find element by ---->By.cssSelector: #email
18:25:37  INFO  application.MyListener - The element --->By.cssSelector: #email was found
18:25:38  INFO  application.MyListener - Start find element by ---->By.id: password
18:25:38  INFO  application.MyListener - The element --->By.id: password was found
18:25:38  INFO  application.MyListener - Start find element by ---->By.cssSelector: button[type='submit']
18:25:38  INFO  application.MyListener - The element --->By.cssSelector: button[type='submit'] was found
18:25:38  INFO  application.MyListener - Start find element by ---->By.cssSelector: .message
18:25:38  INFO  application.MyListener - The element --->By.cssSelector: .message was found
18:25:40  INFO  application.MyListener - Start find element by ---->By.xpath: //button[@type='button']
18:25:40  INFO  application.MyListener - The element --->By.xpath: //button[@type='button'] was found
18:25:40  INFO  application.MyListener - Start find element by ---->By.xpath: //button[@type='button']
18:25:40  INFO  application.MyListener - The element --->By.xpath: //button[@type='button'] was found
18:25:40  INFO  application.MyListener - Start find element by ---->By.xpath: //a[.=' Logout ']
18:25:40  INFO  application.MyListener - The element --->By.xpath: //a[.=' Logout '] was found
18:25:40  INFO  application.MyListener - Start find element by ---->By.xpath: //a[.=' Logout ']
18:25:40  INFO  application.MyListener - The element --->By.xpath: //a[.=' Logout '] was found
18:25:40  INFO  application.MyListener - Start find element by ---->By.xpath: //a[.=' Logout ']
18:25:41  INFO  application.MyListener - The element --->By.xpath: //a[.=' Logout '] was found
18:25:41  INFO  tests.TestBase - End of test - loginSuccessModelWithDP_File
18:25:41  INFO  tests.TestBase - =================================
18:25:41  INFO  tests.TestBase - =================================
18:25:41  INFO  tests.TestBase - Start on test - loginSuccessModelWithDP_File
18:25:41  INFO  application.MyListener - Start find element by ---->By.cssSelector: [href^='/login']
18:25:41  INFO  application.MyListener - The element --->By.cssSelector: [href^='/login'] was found
18:25:41  INFO  application.MyListener - Start find element by ---->By.cssSelector: #email
18:25:41  INFO  application.MyListener - The element --->By.cssSelector: #email was found
18:25:41  INFO  application.MyListener - Start find element by ---->By.id: password
18:25:41  INFO  application.MyListener - The element --->By.id: password was found
18:25:41  INFO  application.MyListener - Start find element by ---->By.cssSelector: button[type='submit']
18:25:41  INFO  application.MyListener - The element --->By.cssSelector: button[type='submit'] was found
18:25:42  INFO  application.MyListener - Start find element by ---->By.cssSelector: .message
18:25:42  INFO  application.MyListener - The element --->By.cssSelector: .message was found
18:25:44  INFO  application.MyListener - Start find element by ---->By.xpath: //button[@type='button']
18:25:44  INFO  application.MyListener - The element --->By.xpath: //button[@type='button'] was found
18:25:44  INFO  application.MyListener - Start find element by ---->By.xpath: //button[@type='button']
18:25:45  INFO  application.MyListener - The element --->By.xpath: //button[@type='button'] was found
18:25:45  INFO  application.MyListener - Start find element by ---->By.xpath: //a[.=' Logout ']
18:25:45  INFO  application.MyListener - The element --->By.xpath: //a[.=' Logout '] was found
18:25:45  INFO  application.MyListener - Start find element by ---->By.xpath: //a[.=' Logout ']
18:25:45  INFO  application.MyListener - The element --->By.xpath: //a[.=' Logout '] was found
18:25:45  INFO  application.MyListener - Start find element by ---->By.xpath: //a[.=' Logout ']
18:25:45  INFO  application.MyListener - The element --->By.xpath: //a[.=' Logout '] was found
18:25:45  INFO  tests.TestBase - End of test - loginSuccessModelWithDP_File
18:25:45  INFO  tests.TestBase - =================================
18:26:03  INFO  application.ApplicationManager - Start browser CHROME
18:26:04  INFO  tests.TestBase - =================================
18:26:04  INFO  tests.TestBase - Start on test - loginSuccessModelWithDP_File
18:26:04  INFO  application.MyListener - Start find element by ---->By.cssSelector: [href^='/login']
18:26:04  INFO  application.MyListener - The element --->By.cssSelector: [href^='/login'] was found
18:26:05  INFO  application.MyListener - Start find element by ---->By.cssSelector: #email
18:26:05  INFO  application.MyListener - The element --->By.cssSelector: #email was found
18:26:05  INFO  application.MyListener - Start find element by ---->By.id: password
18:26:05  INFO  application.MyListener - The element --->By.id: password was found
18:26:05  INFO  application.MyListener - Start find element by ---->By.cssSelector: button[type='submit']
18:26:05  INFO  application.MyListener - The element --->By.cssSelector: button[type='submit'] was found
18:26:06  INFO  application.MyListener - Start find element by ---->By.cssSelector: .message
18:26:06  INFO  application.MyListener - The element --->By.cssSelector: .message was found
18:26:08  INFO  application.MyListener - Start find element by ---->By.xpath: //button[@type='button']
18:26:08  INFO  application.MyListener - The element --->By.xpath: //button[@type='button'] was found
18:26:08  INFO  application.MyListener - Start find element by ---->By.xpath: //button[@type='button']
18:26:08  INFO  application.MyListener - The element --->By.xpath: //button[@type='button'] was found
18:26:09  INFO  application.MyListener - Start find element by ---->By.xpath: //a[.=' Logout ']
18:26:09  INFO  application.MyListener - The element --->By.xpath: //a[.=' Logout '] was found
18:26:09  INFO  application.MyListener - Start find element by ---->By.xpath: //a[.=' Logout ']
18:26:09  INFO  application.MyListener - The element --->By.xpath: //a[.=' Logout '] was found
18:26:09  INFO  application.MyListener - Start find element by ---->By.xpath: //a[.=' Logout ']
18:26:09  INFO  application.MyListener - The element --->By.xpath: //a[.=' Logout '] was found
18:26:09  INFO  tests.TestBase - End of test - loginSuccessModelWithDP_File
18:26:09  INFO  tests.TestBase - =================================
18:26:09  INFO  tests.TestBase - =================================
18:26:09  INFO  tests.TestBase - Start on test - loginSuccessModelWithDP_File
18:26:09  INFO  application.MyListener - Start find element by ---->By.cssSelector: [href^='/login']
18:26:09  INFO  application.MyListener - The element --->By.cssSelector: [href^='/login'] was found
18:26:09  INFO  application.MyListener - Start find element by ---->By.cssSelector: #email
18:26:09  INFO  application.MyListener - The element --->By.cssSelector: #email was found
18:26:09  INFO  application.MyListener - Start find element by ---->By.id: password
18:26:09  INFO  application.MyListener - The element --->By.id: password was found
18:26:10  INFO  application.MyListener - Start find element by ---->By.cssSelector: button[type='submit']
18:26:10  INFO  application.MyListener - The element --->By.cssSelector: button[type='submit'] was found
18:26:10  INFO  application.MyListener - Start find element by ---->By.cssSelector: .message
18:26:10  INFO  application.MyListener - The element --->By.cssSelector: .message was found
18:26:12  INFO  application.MyListener - Start find element by ---->By.xpath: //button[@type='button']
18:26:12  INFO  application.MyListener - The element --->By.xpath: //button[@type='button'] was found
18:26:12  INFO  application.MyListener - Start find element by ---->By.xpath: //button[@type='button']
18:26:12  INFO  application.MyListener - The element --->By.xpath: //button[@type='button'] was found
18:26:12  INFO  application.MyListener - Start find element by ---->By.xpath: //a[.=' Logout ']
18:26:12  INFO  application.MyListener - The element --->By.xpath: //a[.=' Logout '] was found
18:26:12  INFO  application.MyListener - Start find element by ---->By.xpath: //a[.=' Logout ']
18:26:12  INFO  application.MyListener - The element --->By.xpath: //a[.=' Logout '] was found
18:26:12  INFO  application.MyListener - Start find element by ---->By.xpath: //a[.=' Logout ']
18:26:12  INFO  application.MyListener - The element --->By.xpath: //a[.=' Logout '] was found
18:26:12  INFO  tests.TestBase - End of test - loginSuccessModelWithDP_File
18:26:12  INFO  tests.TestBase - =================================
18:26:12  INFO  tests.TestBase - =================================
18:26:12  INFO  tests.TestBase - Start on test - loginSuccessModelWithDP_File
18:26:12  INFO  application.MyListener - Start find element by ---->By.cssSelector: [href^='/login']
18:26:12  INFO  application.MyListener - The element --->By.cssSelector: [href^='/login'] was found
18:26:13  INFO  application.MyListener - Start find element by ---->By.cssSelector: #email
18:26:13  INFO  application.MyListener - The element --->By.cssSelector: #email was found
18:26:13  INFO  application.MyListener - Start find element by ---->By.id: password
18:26:13  INFO  application.MyListener - The element --->By.id: password was found
18:26:13  INFO  application.MyListener - Start find element by ---->By.cssSelector: button[type='submit']
18:26:13  INFO  application.MyListener - The element --->By.cssSelector: button[type='submit'] was found
18:26:13  INFO  application.MyListener - Start find element by ---->By.cssSelector: .message
18:26:14  INFO  application.MyListener - The element --->By.cssSelector: .message was found
18:26:16  INFO  application.MyListener - Start find element by ---->By.xpath: //button[@type='button']
18:26:16  INFO  application.MyListener - The element --->By.xpath: //button[@type='button'] was found
18:26:16  INFO  application.MyListener - Start find element by ---->By.xpath: //button[@type='button']
18:26:16  INFO  application.MyListener - The element --->By.xpath: //button[@type='button'] was found
18:26:16  INFO  application.MyListener - Start find element by ---->By.xpath: //a[.=' Logout ']
18:26:16  INFO  application.MyListener - The element --->By.xpath: //a[.=' Logout '] was found
18:26:16  INFO  application.MyListener - Start find element by ---->By.xpath: //a[.=' Logout ']
18:26:16  INFO  application.MyListener - The element --->By.xpath: //a[.=' Logout '] was found
18:26:16  INFO  application.MyListener - Start find element by ---->By.xpath: //a[.=' Logout ']
18:26:16  INFO  application.MyListener - The element --->By.xpath: //a[.=' Logout '] was found
18:26:16  INFO  tests.TestBase - End of test - loginSuccessModelWithDP_File
18:26:16  INFO  tests.TestBase - =================================
