20:46:31  INFO  application.ApplicationManager - Start browser CHROME
20:46:34  INFO  tests.TestBase - =================================
20:46:34  INFO  tests.TestBase - Start on test - loginSuccessModelWithDP_File
20:46:34  INFO  application.MyListener - Start find element by ---->By.cssSelector: [href^='/login']
20:46:34  INFO  application.MyListener - The element --->By.cssSelector: [href^='/login'] was found
20:46:34  INFO  application.MyListener - Start find element by ---->By.cssSelector: #email
20:46:34  INFO  application.MyListener - The element --->By.cssSelector: #email was found
20:46:34  INFO  application.MyListener - Start find element by ---->By.id: password
20:46:34  INFO  application.MyListener - The element --->By.id: password was found
20:46:35  INFO  application.MyListener - Start find element by ---->By.cssSelector: button[type='submit']
20:46:35  INFO  application.MyListener - The element --->By.cssSelector: button[type='submit'] was found
20:46:35  INFO  application.MyListener - Start find element by ---->By.cssSelector: .message
20:46:36  INFO  application.MyListener - The element --->By.cssSelector: .message was found
20:46:38  INFO  application.MyListener - Start find element by ---->By.xpath: //button[@type='button']
20:46:38  INFO  application.MyListener - The element --->By.xpath: //button[@type='button'] was found
20:46:38  INFO  application.MyListener - Start find element by ---->By.xpath: //button[@type='button']
20:46:38  INFO  application.MyListener - The element --->By.xpath: //button[@type='button'] was found
20:46:38  INFO  application.MyListener - Start find element by ---->By.xpath: //a[.=' Logout ']
20:46:38  INFO  application.MyListener - The element --->By.xpath: //a[.=' Logout '] was found
20:46:38  INFO  application.MyListener - Start find element by ---->By.xpath: //a[.=' Logout ']
20:46:38  INFO  application.MyListener - The element --->By.xpath: //a[.=' Logout '] was found
20:46:38  INFO  application.MyListener - Start find element by ---->By.xpath: //a[.=' Logout ']
20:46:38  INFO  application.MyListener - The element --->By.xpath: //a[.=' Logout '] was found
20:46:38  INFO  tests.TestBase - End of test - loginSuccessModelWithDP_File
20:46:38  INFO  tests.TestBase - =================================
20:46:38  INFO  tests.TestBase - =================================
20:46:38  INFO  tests.TestBase - Start on test - loginSuccessModelWithDP_File
20:46:38  INFO  application.MyListener - Start find element by ---->By.cssSelector: [href^='/login']
20:46:38  INFO  application.MyListener - The element --->By.cssSelector: [href^='/login'] was found
20:46:38  INFO  application.MyListener - Start find element by ---->By.cssSelector: #email
20:46:38  INFO  application.MyListener - The element --->By.cssSelector: #email was found
20:46:38  INFO  application.MyListener - Start find element by ---->By.id: password
20:46:38  INFO  application.MyListener - The element --->By.id: password was found
20:46:39  INFO  application.MyListener - Start find element by ---->By.cssSelector: button[type='submit']
20:46:39  INFO  application.MyListener - The element --->By.cssSelector: button[type='submit'] was found
20:46:39  INFO  application.MyListener - Start find element by ---->By.cssSelector: .message
20:46:39  INFO  application.MyListener - The element --->By.cssSelector: .message was found
20:46:41  INFO  application.MyListener - Start find element by ---->By.xpath: //button[@type='button']
20:46:41  INFO  application.MyListener - The element --->By.xpath: //button[@type='button'] was found
20:46:41  INFO  application.MyListener - Start find element by ---->By.xpath: //button[@type='button']
20:46:41  INFO  application.MyListener - The element --->By.xpath: //button[@type='button'] was found
20:46:41  INFO  application.MyListener - Start find element by ---->By.xpath: //a[.=' Logout ']
20:46:41  INFO  application.MyListener - The element --->By.xpath: //a[.=' Logout '] was found
20:46:41  INFO  application.MyListener - Start find element by ---->By.xpath: //a[.=' Logout ']
20:46:41  INFO  application.MyListener - The element --->By.xpath: //a[.=' Logout '] was found
20:46:41  INFO  application.MyListener - Start find element by ---->By.xpath: //a[.=' Logout ']
20:46:41  INFO  application.MyListener - The element --->By.xpath: //a[.=' Logout '] was found
20:46:41  INFO  tests.TestBase - End of test - loginSuccessModelWithDP_File
20:46:41  INFO  tests.TestBase - =================================
20:46:41  INFO  tests.TestBase - =================================
20:46:42  INFO  tests.TestBase - Start on test - loginSuccessModelWithDP_File
20:46:42  INFO  application.MyListener - Start find element by ---->By.cssSelector: [href^='/login']
20:46:42  INFO  application.MyListener - The element --->By.cssSelector: [href^='/login'] was found
20:46:42  INFO  application.MyListener - Start find element by ---->By.cssSelector: #email
20:46:42  INFO  application.MyListener - The element --->By.cssSelector: #email was found
20:46:42  INFO  application.MyListener - Start find element by ---->By.id: password
20:46:42  INFO  application.MyListener - The element --->By.id: password was found
20:46:42  INFO  application.MyListener - Start find element by ---->By.cssSelector: button[type='submit']
20:46:42  INFO  application.MyListener - The element --->By.cssSelector: button[type='submit'] was found
20:46:42  INFO  application.MyListener - Start find element by ---->By.cssSelector: .message
20:46:43  INFO  application.MyListener - The element --->By.cssSelector: .message was found
20:46:45  INFO  application.MyListener - Start find element by ---->By.xpath: //button[@type='button']
20:46:45  INFO  application.MyListener - The element --->By.xpath: //button[@type='button'] was found
20:46:45  INFO  application.MyListener - Start find element by ---->By.xpath: //button[@type='button']
20:46:45  INFO  application.MyListener - The element --->By.xpath: //button[@type='button'] was found
20:46:45  INFO  application.MyListener - Start find element by ---->By.xpath: //a[.=' Logout ']
20:46:45  INFO  application.MyListener - The element --->By.xpath: //a[.=' Logout '] was found
20:46:45  INFO  application.MyListener - Start find element by ---->By.xpath: //a[.=' Logout ']
20:46:45  INFO  application.MyListener - The element --->By.xpath: //a[.=' Logout '] was found
20:46:45  INFO  application.MyListener - Start find element by ---->By.xpath: //a[.=' Logout ']
20:46:45  INFO  application.MyListener - The element --->By.xpath: //a[.=' Logout '] was found
20:46:45  INFO  tests.TestBase - End of test - loginSuccessModelWithDP_File
20:46:45  INFO  tests.TestBase - =================================
