21:05:04  INFO  application.ApplicationManager - Start browser CHROME
21:05:06  INFO  tests.TestBase - =================================
21:05:06  INFO  tests.TestBase - Start on test - loginSuccessModelWithDP_File
21:05:06  INFO  application.MyListener - Start find element by ---->By.xpath: //a[.=' Logout ']
21:05:21  INFO  application.MyListener - The element --->By.xpath: //a[.=' Logout '] was found
21:05:21  INFO  application.MyListener - Start find element by ---->By.cssSelector: [href^='/login']
21:05:21  INFO  application.MyListener - The element --->By.cssSelector: [href^='/login'] was found
21:05:22  INFO  application.MyListener - Start find element by ---->By.cssSelector: #email
21:05:22  INFO  application.MyListener - The element --->By.cssSelector: #email was found
21:05:22  INFO  application.MyListener - Start find element by ---->By.id: password
21:05:22  INFO  application.MyListener - The element --->By.id: password was found
21:05:23  INFO  application.MyListener - Start find element by ---->By.cssSelector: button[type='submit']
21:05:23  INFO  application.MyListener - The element --->By.cssSelector: button[type='submit'] was found
21:05:23  INFO  application.MyListener - Start find element by ---->By.cssSelector: .message
21:05:24  INFO  application.MyListener - The element --->By.cssSelector: .message was found
21:05:26  INFO  application.MyListener - Start find element by ---->By.xpath: //button[@type='button']
21:05:26  INFO  application.MyListener - The element --->By.xpath: //button[@type='button'] was found
21:05:26  INFO  application.MyListener - Start find element by ---->By.xpath: //button[@type='button']
21:05:26  INFO  application.MyListener - The element --->By.xpath: //button[@type='button'] was found
21:05:26  INFO  application.MyListener - Start find element by ---->By.xpath: //a[.=' Logout ']
21:05:26  INFO  application.MyListener - The element --->By.xpath: //a[.=' Logout '] was found
21:05:26  INFO  application.MyListener - Start find element by ---->By.xpath: //a[.=' Logout ']
21:05:26  INFO  application.MyListener - The element --->By.xpath: //a[.=' Logout '] was found
21:05:26  INFO  application.MyListener - Start find element by ---->By.xpath: //a[.=' Logout ']
21:05:26  INFO  application.MyListener - The element --->By.xpath: //a[.=' Logout '] was found
21:05:26  INFO  tests.TestBase - End of test - loginSuccessModelWithDP_File
21:05:26  INFO  tests.TestBase - =================================
21:05:26  INFO  tests.TestBase - =================================
21:05:26  INFO  tests.TestBase - Start on test - loginSuccessModelWithDP_File
21:05:26  INFO  application.MyListener - Start find element by ---->By.xpath: //a[.=' Logout ']
21:05:41  INFO  application.MyListener - The element --->By.xpath: //a[.=' Logout '] was found
21:05:41  INFO  application.MyListener - Start find element by ---->By.cssSelector: [href^='/login']
21:05:41  INFO  application.MyListener - The element --->By.cssSelector: [href^='/login'] was found
21:05:41  INFO  application.MyListener - Start find element by ---->By.cssSelector: #email
21:05:41  INFO  application.MyListener - The element --->By.cssSelector: #email was found
21:05:42  INFO  application.MyListener - Start find element by ---->By.id: password
21:05:42  INFO  application.MyListener - The element --->By.id: password was found
21:05:42  INFO  application.MyListener - Start find element by ---->By.cssSelector: button[type='submit']
21:05:42  INFO  application.MyListener - The element --->By.cssSelector: button[type='submit'] was found
21:05:42  INFO  application.MyListener - Start find element by ---->By.cssSelector: .message
21:05:42  INFO  application.MyListener - The element --->By.cssSelector: .message was found
21:05:44  INFO  application.MyListener - Start find element by ---->By.xpath: //button[@type='button']
21:05:44  INFO  application.MyListener - The element --->By.xpath: //button[@type='button'] was found
21:05:44  INFO  application.MyListener - Start find element by ---->By.xpath: //button[@type='button']
21:05:44  INFO  application.MyListener - The element --->By.xpath: //button[@type='button'] was found
21:05:44  INFO  application.MyListener - Start find element by ---->By.xpath: //a[.=' Logout ']
21:05:44  INFO  application.MyListener - The element --->By.xpath: //a[.=' Logout '] was found
21:05:44  INFO  application.MyListener - Start find element by ---->By.xpath: //a[.=' Logout ']
21:05:44  INFO  application.MyListener - The element --->By.xpath: //a[.=' Logout '] was found
21:05:44  INFO  application.MyListener - Start find element by ---->By.xpath: //a[.=' Logout ']
21:05:45  INFO  application.MyListener - The element --->By.xpath: //a[.=' Logout '] was found
21:05:45  INFO  tests.TestBase - End of test - loginSuccessModelWithDP_File
21:05:45  INFO  tests.TestBase - =================================
21:05:45  INFO  tests.TestBase - =================================
21:05:45  INFO  tests.TestBase - Start on test - loginSuccessModelWithDP_File
21:05:45  INFO  application.MyListener - Start find element by ---->By.xpath: //a[.=' Logout ']
21:06:00  INFO  application.MyListener - The element --->By.xpath: //a[.=' Logout '] was found
21:06:00  INFO  application.MyListener - Start find element by ---->By.cssSelector: [href^='/login']
21:06:00  INFO  application.MyListener - The element --->By.cssSelector: [href^='/login'] was found
21:06:00  INFO  application.MyListener - Start find element by ---->By.cssSelector: #email
21:06:00  INFO  application.MyListener - The element --->By.cssSelector: #email was found
21:06:00  INFO  application.MyListener - Start find element by ---->By.id: password
21:06:00  INFO  application.MyListener - The element --->By.id: password was found
21:06:00  INFO  application.MyListener - Start find element by ---->By.cssSelector: button[type='submit']
21:06:00  INFO  application.MyListener - The element --->By.cssSelector: button[type='submit'] was found
21:06:01  INFO  application.MyListener - Start find element by ---->By.cssSelector: .message
21:06:01  INFO  application.MyListener - The element --->By.cssSelector: .message was found
21:06:03  INFO  application.MyListener - Start find element by ---->By.xpath: //button[@type='button']
21:06:03  INFO  application.MyListener - The element --->By.xpath: //button[@type='button'] was found
21:06:03  INFO  application.MyListener - Start find element by ---->By.xpath: //button[@type='button']
21:06:03  INFO  application.MyListener - The element --->By.xpath: //button[@type='button'] was found
21:06:03  INFO  application.MyListener - Start find element by ---->By.xpath: //a[.=' Logout ']
21:06:03  INFO  application.MyListener - The element --->By.xpath: //a[.=' Logout '] was found
21:06:03  INFO  application.MyListener - Start find element by ---->By.xpath: //a[.=' Logout ']
21:06:03  INFO  application.MyListener - The element --->By.xpath: //a[.=' Logout '] was found
21:06:03  INFO  application.MyListener - Start find element by ---->By.xpath: //a[.=' Logout ']
21:06:03  INFO  application.MyListener - The element --->By.xpath: //a[.=' Logout '] was found
21:06:03  INFO  tests.TestBase - End of test - loginSuccessModelWithDP_File
21:06:03  INFO  tests.TestBase - =================================
