17:23:17  INFO  application.ApplicationManager - Start browser CHROME
17:23:20  INFO  tests.TestBase - =================================
17:23:20  INFO  tests.TestBase - Start on test - loginNegativeWrongPasswordWithDP_Clas
17:23:20  INFO  application.MyListener - Start find element by ---->By.cssSelector: [href^='/login']
17:23:20  INFO  application.MyListener - The element --->By.cssSelector: [href^='/login'] was found
17:23:20  INFO  application.MyListener - Start find element by ---->By.cssSelector: #email
17:23:20  INFO  application.MyListener - The element --->By.cssSelector: #email was found
17:23:21  INFO  application.MyListener - Start find element by ---->By.id: password
17:23:21  INFO  application.MyListener - The element --->By.id: password was found
17:23:21  INFO  application.MyListener - Start find element by ---->By.cssSelector: button[type='submit']
17:23:21  INFO  application.MyListener - The element --->By.cssSelector: button[type='submit'] was found
17:23:21  INFO  application.MyListener - Start find element by ---->By.cssSelector: .message
17:23:22  INFO  application.MyListener - The element --->By.cssSelector: .message was found
17:23:24  INFO  application.MyListener - Start find element by ---->By.xpath: //button[@type='button']
17:23:24  INFO  application.MyListener - The element --->By.xpath: //button[@type='button'] was found
17:23:24  INFO  application.MyListener - Start find element by ---->By.xpath: //button[@type='button']
17:23:24  INFO  application.MyListener - The element --->By.xpath: //button[@type='button'] was found
17:23:24  INFO  application.MyListener - Start find element by ---->By.xpath: //a[.=' Logout ']
17:23:24  INFO  application.MyListener - The element --->By.xpath: //a[.=' Logout '] was found
17:23:24  INFO  application.MyListener - Start find element by ---->By.xpath: //a[.=' Logout ']
17:23:24  INFO  application.MyListener - The element --->By.xpath: //a[.=' Logout '] was found
17:23:24  INFO  application.MyListener - Start find element by ---->By.xpath: //a[.=' Logout ']
17:23:24  INFO  application.MyListener - The element --->By.xpath: //a[.=' Logout '] was found
17:23:25  INFO  tests.TestBase - End of test - loginNegativeWrongPasswordWithDP_Clas
17:23:25  INFO  tests.TestBase - =================================
17:23:25  INFO  tests.TestBase - =================================
17:23:25  INFO  tests.TestBase - Start on test - loginNegativeWrongPasswordWithDP_Clas
17:23:25  INFO  application.MyListener - Start find element by ---->By.cssSelector: [href^='/login']
17:23:25  INFO  application.MyListener - The element --->By.cssSelector: [href^='/login'] was found
17:23:25  INFO  application.MyListener - Start find element by ---->By.cssSelector: #email
17:23:25  INFO  application.MyListener - The element --->By.cssSelector: #email was found
17:23:25  INFO  application.MyListener - Start find element by ---->By.id: password
17:23:25  INFO  application.MyListener - The element --->By.id: password was found
17:23:25  INFO  application.MyListener - Start find element by ---->By.cssSelector: button[type='submit']
17:23:26  INFO  application.MyListener - The element --->By.cssSelector: button[type='submit'] was found
17:23:26  INFO  application.MyListener - Start find element by ---->By.cssSelector: .message
17:23:26  INFO  application.MyListener - The element --->By.cssSelector: .message was found
17:23:28  INFO  application.MyListener - Start find element by ---->By.xpath: //button[@type='button']
17:23:28  INFO  application.MyListener - The element --->By.xpath: //button[@type='button'] was found
17:23:28  INFO  application.MyListener - Start find element by ---->By.xpath: //button[@type='button']
17:23:28  INFO  application.MyListener - The element --->By.xpath: //button[@type='button'] was found
17:23:28  INFO  application.MyListener - Start find element by ---->By.xpath: //a[.=' Logout ']
17:23:28  INFO  application.MyListener - The element --->By.xpath: //a[.=' Logout '] was found
17:23:28  INFO  application.MyListener - Start find element by ---->By.xpath: //a[.=' Logout ']
17:23:28  INFO  application.MyListener - The element --->By.xpath: //a[.=' Logout '] was found
17:23:28  INFO  application.MyListener - Start find element by ---->By.xpath: //a[.=' Logout ']
17:23:28  INFO  application.MyListener - The element --->By.xpath: //a[.=' Logout '] was found
17:23:28  INFO  tests.TestBase - End of test - loginNegativeWrongPasswordWithDP_Clas
17:23:28  INFO  tests.TestBase - =================================
17:23:28  INFO  tests.TestBase - =================================
17:23:28  INFO  tests.TestBase - Start on test - loginNegativeWrongPasswordWithDP_Clas
17:23:28  INFO  application.MyListener - Start find element by ---->By.cssSelector: [href^='/login']
17:23:28  INFO  application.MyListener - The element --->By.cssSelector: [href^='/login'] was found
17:23:29  INFO  application.MyListener - Start find element by ---->By.cssSelector: #email
17:23:29  INFO  application.MyListener - The element --->By.cssSelector: #email was found
17:23:29  INFO  application.MyListener - Start find element by ---->By.id: password
17:23:29  INFO  application.MyListener - The element --->By.id: password was found
17:23:29  INFO  application.MyListener - Start find element by ---->By.cssSelector: button[type='submit']
17:23:29  INFO  application.MyListener - The element --->By.cssSelector: button[type='submit'] was found
17:23:29  INFO  application.MyListener - Start find element by ---->By.cssSelector: .message
17:23:30  INFO  application.MyListener - The element --->By.cssSelector: .message was found
17:23:32  INFO  application.MyListener - Start find element by ---->By.xpath: //button[@type='button']
17:23:32  INFO  application.MyListener - The element --->By.xpath: //button[@type='button'] was found
17:23:32  INFO  application.MyListener - Start find element by ---->By.xpath: //button[@type='button']
17:23:32  INFO  application.MyListener - The element --->By.xpath: //button[@type='button'] was found
17:23:32  INFO  application.MyListener - Start find element by ---->By.xpath: //a[.=' Logout ']
17:23:32  INFO  application.MyListener - The element --->By.xpath: //a[.=' Logout '] was found
17:23:32  INFO  application.MyListener - Start find element by ---->By.xpath: //a[.=' Logout ']
17:23:32  INFO  application.MyListener - The element --->By.xpath: //a[.=' Logout '] was found
17:23:32  INFO  application.MyListener - Start find element by ---->By.xpath: //a[.=' Logout ']
17:23:32  INFO  application.MyListener - The element --->By.xpath: //a[.=' Logout '] was found
17:23:32  INFO  tests.TestBase - End of test - loginNegativeWrongPasswordWithDP_Clas
17:23:32  INFO  tests.TestBase - =================================
