18:30:41  INFO  application.ApplicationManager - Start browser CHROME
18:30:43  INFO  tests.TestBase - =================================
18:30:43  INFO  tests.TestBase - Start on test - loginSuccessModelWithDP_File
18:30:43  INFO  application.MyListener - Start find element by ---->By.cssSelector: [href^='/login']
18:30:43  INFO  application.MyListener - The element --->By.cssSelector: [href^='/login'] was found
18:30:44  INFO  application.MyListener - Start find element by ---->By.cssSelector: #email
18:30:44  INFO  application.MyListener - The element --->By.cssSelector: #email was found
18:30:44  INFO  application.MyListener - Start find element by ---->By.id: password
18:30:44  INFO  application.MyListener - The element --->By.id: password was found
18:30:45  INFO  application.MyListener - Start find element by ---->By.cssSelector: button[type='submit']
18:30:45  INFO  application.MyListener - The element --->By.cssSelector: button[type='submit'] was found
18:30:45  INFO  application.MyListener - Start find element by ---->By.cssSelector: .message
18:30:46  INFO  application.MyListener - The element --->By.cssSelector: .message was found
18:30:48  INFO  application.MyListener - Start find element by ---->By.xpath: //button[@type='button']
18:30:48  INFO  application.MyListener - The element --->By.xpath: //button[@type='button'] was found
18:30:48  INFO  application.MyListener - Start find element by ---->By.xpath: //button[@type='button']
18:30:48  INFO  application.MyListener - The element --->By.xpath: //button[@type='button'] was found
18:30:48  INFO  application.MyListener - Start find element by ---->By.xpath: //a[.=' Logout ']
18:30:48  INFO  application.MyListener - The element --->By.xpath: //a[.=' Logout '] was found
18:30:48  INFO  application.MyListener - Start find element by ---->By.xpath: //a[.=' Logout ']
18:30:48  INFO  application.MyListener - The element --->By.xpath: //a[.=' Logout '] was found
18:30:48  INFO  application.MyListener - Start find element by ---->By.xpath: //a[.=' Logout ']
18:30:48  INFO  application.MyListener - The element --->By.xpath: //a[.=' Logout '] was found
18:30:48  INFO  tests.TestBase - End of test - loginSuccessModelWithDP_File
18:30:48  INFO  tests.TestBase - =================================
18:30:48  INFO  tests.TestBase - =================================
18:30:48  INFO  tests.TestBase - Start on test - loginSuccessModelWithDP_File
18:30:48  INFO  application.MyListener - Start find element by ---->By.cssSelector: [href^='/login']
18:30:48  INFO  application.MyListener - The element --->By.cssSelector: [href^='/login'] was found
18:30:48  INFO  application.MyListener - Start find element by ---->By.cssSelector: #email
18:30:48  INFO  application.MyListener - The element --->By.cssSelector: #email was found
18:30:49  INFO  application.MyListener - Start find element by ---->By.id: password
18:30:49  INFO  application.MyListener - The element --->By.id: password was found
18:30:49  INFO  application.MyListener - Start find element by ---->By.cssSelector: button[type='submit']
18:30:49  INFO  application.MyListener - The element --->By.cssSelector: button[type='submit'] was found
18:30:49  INFO  application.MyListener - Start find element by ---->By.cssSelector: .message
18:30:49  INFO  application.MyListener - The element --->By.cssSelector: .message was found
18:30:51  INFO  application.MyListener - Start find element by ---->By.xpath: //button[@type='button']
18:30:51  INFO  application.MyListener - The element --->By.xpath: //button[@type='button'] was found
18:30:51  INFO  application.MyListener - Start find element by ---->By.xpath: //button[@type='button']
18:30:51  INFO  application.MyListener - The element --->By.xpath: //button[@type='button'] was found
18:30:51  INFO  application.MyListener - Start find element by ---->By.xpath: //a[.=' Logout ']
18:30:51  INFO  application.MyListener - The element --->By.xpath: //a[.=' Logout '] was found
18:30:52  INFO  application.MyListener - Start find element by ---->By.xpath: //a[.=' Logout ']
18:30:52  INFO  application.MyListener - The element --->By.xpath: //a[.=' Logout '] was found
18:30:52  INFO  application.MyListener - Start find element by ---->By.xpath: //a[.=' Logout ']
18:30:52  INFO  application.MyListener - The element --->By.xpath: //a[.=' Logout '] was found
18:30:52  INFO  tests.TestBase - End of test - loginSuccessModelWithDP_File
18:30:52  INFO  tests.TestBase - =================================
18:30:52  INFO  tests.TestBase - =================================
18:30:52  INFO  tests.TestBase - Start on test - loginSuccessModelWithDP_File
18:30:52  INFO  application.MyListener - Start find element by ---->By.cssSelector: [href^='/login']
18:30:52  INFO  application.MyListener - The element --->By.cssSelector: [href^='/login'] was found
18:30:52  INFO  application.MyListener - Start find element by ---->By.cssSelector: #email
18:30:52  INFO  application.MyListener - The element --->By.cssSelector: #email was found
18:30:52  INFO  application.MyListener - Start find element by ---->By.id: password
18:30:52  INFO  application.MyListener - The element --->By.id: password was found
18:30:53  INFO  application.MyListener - Start find element by ---->By.cssSelector: button[type='submit']
18:30:53  INFO  application.MyListener - The element --->By.cssSelector: button[type='submit'] was found
18:30:53  INFO  application.MyListener - Start find element by ---->By.cssSelector: .message
18:30:53  INFO  application.MyListener - The element --->By.cssSelector: .message was found
18:30:55  INFO  application.MyListener - Start find element by ---->By.xpath: //button[@type='button']
18:30:55  INFO  application.MyListener - The element --->By.xpath: //button[@type='button'] was found
18:30:55  INFO  application.MyListener - Start find element by ---->By.xpath: //button[@type='button']
18:30:55  INFO  application.MyListener - The element --->By.xpath: //button[@type='button'] was found
18:30:55  INFO  application.MyListener - Start find element by ---->By.xpath: //a[.=' Logout ']
18:30:55  INFO  application.MyListener - The element --->By.xpath: //a[.=' Logout '] was found
18:30:55  INFO  application.MyListener - Start find element by ---->By.xpath: //a[.=' Logout ']
18:30:55  INFO  application.MyListener - The element --->By.xpath: //a[.=' Logout '] was found
18:30:55  INFO  application.MyListener - Start find element by ---->By.xpath: //a[.=' Logout ']
18:30:55  INFO  application.MyListener - The element --->By.xpath: //a[.=' Logout '] was found
18:30:55  INFO  tests.TestBase - End of test - loginSuccessModelWithDP_File
18:30:55  INFO  tests.TestBase - =================================
